2023-04-06 14:26:26,726 INFO org.springframework.data.repository.config.RepositoryConfigurationExtensionSupport [main] Spring Data Redis - Could not safely identify store assignment for repository candidate interface np.com.esewa.learn.sampleapplication.notification.repository.NotificationRepository; If you want this repository to be a Redis repository, consider annotating your entities with one of these annotations: org.springframework.data.redis.core.RedisHash (preferred), or consider extending one of the following types with your repository: org.springframework.data.keyvalue.repository.KeyValueRepository
2023-04-06 14:26:26,742 INFO org.springframework.data.repository.config.RepositoryConfigurationDelegate [main] Finished Spring Data repository scanning in 63 ms. Found 0 Redis repository interfaces.
2023-04-06 14:26:27,920 INFO org.springframework.boot.web.embedded.tomcat.TomcatWebServer [main] Tomcat initialized with port(s): 8090 (http)
2023-04-06 14:26:27,933 INFO org.apache.catalina.core.StandardService [main] Starting service [Tomcat]
2023-04-06 14:26:27,934 INFO org.apache.catalina.core.StandardEngine [main] Starting Servlet engine: [Apache Tomcat/9.0.73]
2023-04-06 14:26:28,305 INFO org.apache.catalina.core.ContainerBase.[Tomcat].[localhost].[/] [main] Initializing Spring embedded WebApplicationContext
2023-04-06 14:26:28,306 INFO org.springframework.boot.web.servlet.context.ServletWebServerApplicationContext [main] Root WebApplicationContext: initialization completed in 3156 ms
2023-04-06 14:26:28,910 INFO org.hibernate.jpa.internal.util.LogHelper [main] HHH000204: Processing PersistenceUnitInfo [name: default]
2023-04-06 14:26:28,982 INFO org.hibernate.Version [main] HHH000412: Hibernate ORM core version 5.6.15.Final
2023-04-06 14:26:29,260 INFO org.hibernate.annotations.common.Version [main] HCANN000001: Hibernate Commons Annotations {5.1.2.Final}
2023-04-06 14:26:30,135 INFO org.hibernate.dialect.Dialect [main] HHH000400: Using dialect: org.hibernate.dialect.MySQL8Dialect
2023-04-06 14:26:31,322 INFO org.hibernate.engine.transaction.jta.platform.internal.JtaPlatformInitiator [main] HHH000490: Using JtaPlatform implementation: [org.hibernate.engine.transaction.jta.platform.internal.NoJtaPlatform]
2023-04-06 14:26:31,352 INFO org.springframework.orm.jpa.LocalContainerEntityManagerFactoryBean [main] Initialized JPA EntityManagerFactory for persistence unit 'default'
2023-04-06 14:26:31,388 INFO org.hibernate.jpa.internal.util.LogHelper [main] HHH000204: Processing PersistenceUnitInfo [name: default]
2023-04-06 14:26:31,974 INFO org.hibernate.dialect.Dialect [main] HHH000400: Using dialect: org.hibernate.dialect.PostgreSQL10Dialect
2023-04-06 14:26:32,477 INFO org.hibernate.engine.transaction.jta.platform.internal.JtaPlatformInitiator [main] HHH000490: Using JtaPlatform implementation: [org.hibernate.engine.transaction.jta.platform.internal.NoJtaPlatform]
2023-04-06 14:26:32,478 INFO org.springframework.orm.jpa.LocalContainerEntityManagerFactoryBean [main] Initialized JPA EntityManagerFactory for persistence unit 'default'
2023-04-06 14:26:32,496 INFO org.hibernate.jpa.internal.util.LogHelper [main] HHH000204: Processing PersistenceUnitInfo [name: default]
2023-04-06 14:26:32,656 INFO org.hibernate.dialect.Dialect [main] HHH000400: Using dialect: org.hibernate.dialect.MySQL8Dialect
2023-04-06 14:26:32,750 INFO org.hibernate.engine.transaction.jta.platform.internal.JtaPlatformInitiator [main] HHH000490: Using JtaPlatform implementation: [org.hibernate.engine.transaction.jta.platform.internal.NoJtaPlatform]
2023-04-06 14:26:32,751 INFO org.springframework.orm.jpa.LocalContainerEntityManagerFactoryBean [main] Initialized JPA EntityManagerFactory for persistence unit 'default'
2023-04-06 14:26:33,828 WARN org.springframework.boot.autoconfigure.orm.jpa.JpaBaseConfiguration$JpaWebConfiguration [main] spring.jpa.open-in-view is enabled by default. Therefore, database queries may be performed during view rendering. Explicitly configure spring.jpa.open-in-view to disable this warning
2023-04-06 14:26:34,919 INFO org.springframework.boot.web.embedded.tomcat.TomcatWebServer [main] Tomcat started on port(s): 8090 (http) with context path ''
2023-04-06 14:26:34,944 INFO np.com.esewa.learn.sampleapplication.SampleApplication [main] Started SampleApplication in 10.639 seconds (JVM running for 12.783)
2023-04-06 14:27:17,365 INFO org.apache.catalina.core.ContainerBase.[Tomcat].[localhost].[/] [http-nio-8090-exec-2] Initializing Spring DispatcherServlet 'dispatcherServlet'
2023-04-06 14:27:17,365 INFO org.springframework.web.servlet.DispatcherServlet [http-nio-8090-exec-2] Initializing Servlet 'dispatcherServlet'
2023-04-06 14:27:17,367 INFO org.springframework.web.servlet.DispatcherServlet [http-nio-8090-exec-2] Completed initialization in 2 ms
2023-04-06 14:30:24,033 INFO org.springframework.orm.jpa.LocalContainerEntityManagerFactoryBean [SpringApplicationShutdownHook] Closing JPA EntityManagerFactory for persistence unit 'default'
2023-04-06 14:30:24,035 INFO org.springframework.orm.jpa.LocalContainerEntityManagerFactoryBean [SpringApplicationShutdownHook] Closing JPA EntityManagerFactory for persistence unit 'default'
2023-04-06 14:30:24,037 INFO org.springframework.orm.jpa.LocalContainerEntityManagerFactoryBean [SpringApplicationShutdownHook] Closing JPA EntityManagerFactory for persistence unit 'default'
2023-04-06 14:30:38,595 INFO np.com.esewa.learn.sampleapplication.SampleApplication [main] Starting SampleApplication using Java 1.8.0_362 on Preet-Bista-eSewa with PID 51800 (C:\Users\Lenovo\Desktop\projectCSV\CSV-Reading-MultiDB-Spring-Boot-RealTime-main\target\classes started by Lenovo in C:\Users\Lenovo\Desktop\projectCSV\CSV-Reading-MultiDB-Spring-Boot-RealTime-main)
2023-04-06 14:30:38,599 INFO np.com.esewa.learn.sampleapplication.SampleApplication [main] No active profile set, falling back to 1 default profile: "default"
